build/app/intermediates/manifest_merge_blame_file/debug/manifest-merger-blame-debug-report.txt
1<?xml version="1.0" encoding="utf-8"?>
2<manifest xmlns:android="http://schemas.android.com/apk/res/android"
3    package="com.example.susya"
4    android:versionCode="1"
5    android:versionName="1.0.0" >
6
7    <uses-sdk
8        android:minSdkVersion="21"
9        android:targetSdkVersion="30" />
10    <!--
11         Flutter needs it to communicate with the running application
12         to allow setting breakpoints, to provide hot reload, etc.
13    -->
14    <uses-permission android:name="android.permission.INTERNET" />
14-->src\main\AndroidManifest.xml:3:5-67
14-->src\main\AndroidManifest.xml:3:22-64
15    <uses-permission android:name="android.permission.REQUEST_COMPANION_USE_DATA_IN_BACKGROUND" />
15-->src\main\AndroidManifest.xml:4:5-99
15-->src\main\AndroidManifest.xml:4:22-96
16    <uses-permission android:name="android.permission.READ_EXTERNAL_STORAGE" />
16-->src\main\AndroidManifest.xml:5:5-79
16-->src\main\AndroidManifest.xml:5:22-77
17    <uses-permission android:name="android.permission.WRITE_EXTERNAL_STORAGE" />
17-->src\main\AndroidManifest.xml:6:5-80
17-->src\main\AndroidManifest.xml:6:22-78
18    <uses-permission android:name="android.permission.ACCESS_FINE_LOCATION" />
18-->src\main\AndroidManifest.xml:7:5-79
18-->src\main\AndroidManifest.xml:7:22-76
19    <uses-permission android:name="android.permission.ACCESS_COARSE_LOCATION" />
19-->src\main\AndroidManifest.xml:8:5-81
19-->src\main\AndroidManifest.xml:8:22-78
20    <uses-permission android:name="android.permission.WAKE_LOCK" />
20-->[:firebase_messaging] AndroidManifest.xml:8:5-68
20-->[:firebase_messaging] AndroidManifest.xml:8:22-65
21    <uses-permission android:name="android.permission.ACCESS_NETWORK_STATE" />
21-->[:firebase_messaging] AndroidManifest.xml:9:5-79
21-->[:firebase_messaging] AndroidManifest.xml:9:22-76
22    <uses-permission android:name="android.permission.CAMERA" />
22-->[:camera] AndroidManifest.xml:7:5-65
22-->[:camera] AndroidManifest.xml:7:22-62
23    <uses-permission android:name="android.permission.RECORD_AUDIO" /> <!-- Required by older versions of Google Play services to create IID tokens -->
23-->[:camera] AndroidManifest.xml:8:5-71
23-->[:camera] AndroidManifest.xml:8:22-68
24    <uses-permission android:name="com.google.android.c2dm.permission.RECEIVE" />
24-->[com.google.firebase:firebase-messaging:22.0.0] AndroidManifest.xml:25:5-82
24-->[com.google.firebase:firebase-messaging:22.0.0] AndroidManifest.xml:25:22-79
25    <uses-permission android:name="com.google.android.finsky.permission.BIND_GET_INSTALL_REFERRER_SERVICE" />
25-->[com.google.android.gms:play-services-measurement:19.0.0] AndroidManifest.xml:26:5-110
25-->[com.google.android.gms:play-services-measurement:19.0.0] AndroidManifest.xml:26:22-107
26
27    <application
27-->src\main\AndroidManifest.xml:10:4-52:19
28        android:appComponentFactory="androidx.core.app.CoreComponentFactory"
28-->[androidx.core:core:1.3.1] AndroidManifest.xml:24:18-86
29        android:debuggable="true"
30        android:icon="@mipmap/ic_launcher"
30-->src\main\AndroidManifest.xml:12:9-43
31        android:label="SUSya"
31-->src\main\AndroidManifest.xml:11:9-30
32        android:requestLegacyExternalStorage="true" >
32-->src\main\AndroidManifest.xml:13:9-52
33        <activity
33-->src\main\AndroidManifest.xml:14:9-46:20
34            android:name="com.example.susya.MainActivity"
34-->src\main\AndroidManifest.xml:15:13-41
35            android:configChanges="orientation|keyboardHidden|keyboard|screenSize|smallestScreenSize|locale|layoutDirection|fontScale|screenLayout|density|uiMode"
35-->src\main\AndroidManifest.xml:18:13-163
36            android:hardwareAccelerated="true"
36-->src\main\AndroidManifest.xml:19:13-47
37            android:launchMode="singleTop"
37-->src\main\AndroidManifest.xml:16:13-43
38            android:theme="@style/LaunchTheme"
38-->src\main\AndroidManifest.xml:17:13-47
39            android:windowSoftInputMode="adjustResize" >
39-->src\main\AndroidManifest.xml:20:13-55
40
41            <!--
42                 Specifies an Android theme to apply to this Activity as soon as
43                 the Android process has started. This theme is visible to the user
44                 while the Flutter UI initializes. After that, this theme continues
45                 to determine the Window background behind the Flutter UI.
46            -->
47            <meta-data
47-->src\main\AndroidManifest.xml:25:13-28:17
48                android:name="io.flutter.embedding.android.NormalTheme"
48-->src\main\AndroidManifest.xml:26:15-70
49                android:resource="@style/NormalTheme" />
49-->src\main\AndroidManifest.xml:27:15-52
50            <!--
51                 Displays an Android View that continues showing the launch screen
52                 Drawable until Flutter paints its first frame, then this splash
53                 screen fades out. A splash screen is useful to avoid any visual
54                 gap between the end of Android's launch screen and the painting of
55                 Flutter's first frame.
56            -->
57            <meta-data
57-->src\main\AndroidManifest.xml:34:13-37:17
58                android:name="io.flutter.embedding.android.SplashScreenDrawable"
58-->src\main\AndroidManifest.xml:35:15-79
59                android:resource="@drawable/launch_background" />
59-->src\main\AndroidManifest.xml:36:15-61
60
61            <intent-filter>
61-->src\main\AndroidManifest.xml:38:13-41:29
62                <action android:name="android.intent.action.MAIN" />
62-->src\main\AndroidManifest.xml:39:17-68
62-->src\main\AndroidManifest.xml:39:25-66
63
64                <category android:name="android.intent.category.LAUNCHER" />
64-->src\main\AndroidManifest.xml:40:17-76
64-->src\main\AndroidManifest.xml:40:27-74
65            </intent-filter>
66            <intent-filter>
66-->src\main\AndroidManifest.xml:42:13-45:29
67                <action android:name="FLUTTER_NOTIFICATION_CLICK" />
67-->src\main\AndroidManifest.xml:43:17-69
67-->src\main\AndroidManifest.xml:43:25-66
68
69                <category android:name="android.intent.category.DEFAULT" />
69-->src\main\AndroidManifest.xml:44:17-76
69-->src\main\AndroidManifest.xml:44:27-73
70            </intent-filter>
71        </activity>
72        <!--
73             Don't delete the meta-data below.
74             This is used by the Flutter tool to generate GeneratedPluginRegistrant.java
75        -->
76        <meta-data
76-->src\main\AndroidManifest.xml:49:9-51:33
77            android:name="flutterEmbedding"
77-->src\main\AndroidManifest.xml:50:13-44
78            android:value="2" />
78-->src\main\AndroidManifest.xml:51:13-30
79
80        <service
80-->[:firebase_auth] AndroidManifest.xml:8:9-12:19
81            android:name="com.google.firebase.components.ComponentDiscoveryService"
81-->[:firebase_auth] AndroidManifest.xml:8:18-89
82            android:directBootAware="true"
82-->[com.google.firebase:firebase-common:20.0.0] AndroidManifest.xml:35:13-43
83            android:exported="false" >
83-->[com.google.firebase:firebase-analytics-ktx:19.0.0] AndroidManifest.xml:10:13-37
84            <meta-data
84-->[:firebase_auth] AndroidManifest.xml:9:13-11:85
85                android:name="com.google.firebase.components:io.flutter.plugins.firebase.auth.FlutterFirebaseAuthRegistrar"
85-->[:firebase_auth] AndroidManifest.xml:10:17-124
86                android:value="com.google.firebase.components.ComponentRegistrar" />
86-->[:firebase_auth] AndroidManifest.xml:11:17-82
87            <meta-data
87-->[:firebase_messaging] AndroidManifest.xml:34:13-36:85
88                android:name="com.google.firebase.components:io.flutter.plugins.firebase.messaging.FlutterFirebaseAppRegistrar"
88-->[:firebase_messaging] AndroidManifest.xml:35:17-128
89                android:value="com.google.firebase.components.ComponentRegistrar" />
89-->[:firebase_messaging] AndroidManifest.xml:36:17-82
90            <meta-data
90-->[:firebase_core] AndroidManifest.xml:9:13-11:85
91                android:name="com.google.firebase.components:io.flutter.plugins.firebase.core.FlutterFirebaseCoreRegistrar"
91-->[:firebase_core] AndroidManifest.xml:10:17-124
92                android:value="com.google.firebase.components.ComponentRegistrar" />
92-->[:firebase_core] AndroidManifest.xml:11:17-82
93            <meta-data
93-->[com.google.firebase:firebase-analytics-ktx:19.0.0] AndroidManifest.xml:11:13-13:85
94                android:name="com.google.firebase.components:com.google.firebase.analytics.ktx.FirebaseAnalyticsKtxRegistrar"
94-->[com.google.firebase:firebase-analytics-ktx:19.0.0] AndroidManifest.xml:12:17-126
95                android:value="com.google.firebase.components.ComponentRegistrar" />
95-->[com.google.firebase:firebase-analytics-ktx:19.0.0] AndroidManifest.xml:13:17-82
96            <meta-data
96-->[com.google.firebase:firebase-common-ktx:20.0.0] AndroidManifest.xml:15:13-17:85
97                android:name="com.google.firebase.components:com.google.firebase.ktx.FirebaseCommonKtxRegistrar"
97-->[com.google.firebase:firebase-common-ktx:20.0.0] AndroidManifest.xml:16:17-113
98                android:value="com.google.firebase.components.ComponentRegistrar" />
98-->[com.google.firebase:firebase-common-ktx:20.0.0] AndroidManifest.xml:17:17-82
99            <meta-data
99-->[com.google.firebase:firebase-messaging:22.0.0] AndroidManifest.xml:52:13-54:85
100                android:name="com.google.firebase.components:com.google.firebase.messaging.FirebaseMessagingRegistrar"
100-->[com.google.firebase:firebase-messaging:22.0.0] AndroidManifest.xml:53:17-119
101                android:value="com.google.firebase.components.ComponentRegistrar" />
101-->[com.google.firebase:firebase-messaging:22.0.0] AndroidManifest.xml:54:17-82
102            <meta-data
102-->[com.google.firebase:firebase-datatransport:18.0.0] AndroidManifest.xml:28:13-30:85
103                android:name="com.google.firebase.components:com.google.firebase.datatransport.TransportRegistrar"
103-->[com.google.firebase:firebase-datatransport:18.0.0] AndroidManifest.xml:29:17-115
104                android:value="com.google.firebase.components.ComponentRegistrar" />
104-->[com.google.firebase:firebase-datatransport:18.0.0] AndroidManifest.xml:30:17-82
105            <meta-data
105-->[com.google.firebase:firebase-auth:21.0.1] AndroidManifest.xml:77:13-79:85
106                android:name="com.google.firebase.components:com.google.firebase.auth.FirebaseAuthRegistrar"
106-->[com.google.firebase:firebase-auth:21.0.1] AndroidManifest.xml:78:17-109
107                android:value="com.google.firebase.components.ComponentRegistrar" />
107-->[com.google.firebase:firebase-auth:21.0.1] AndroidManifest.xml:79:17-82
108            <meta-data
108-->[com.google.android.gms:play-services-measurement-api:19.0.0] AndroidManifest.xml:30:13-32:85
109                android:name="com.google.firebase.components:com.google.firebase.analytics.connector.internal.AnalyticsConnectorRegistrar"
109-->[com.google.android.gms:play-services-measurement-api:19.0.0] AndroidManifest.xml:31:17-139
110                android:value="com.google.firebase.components.ComponentRegistrar" />
110-->[com.google.android.gms:play-services-measurement-api:19.0.0] AndroidManifest.xml:32:17-82
111            <meta-data
111-->[com.google.firebase:firebase-installations:17.0.0] AndroidManifest.xml:18:13-20:85
112                android:name="com.google.firebase.components:com.google.firebase.installations.FirebaseInstallationsRegistrar"
112-->[com.google.firebase:firebase-installations:17.0.0] AndroidManifest.xml:19:17-127
113                android:value="com.google.firebase.components.ComponentRegistrar" />
113-->[com.google.firebase:firebase-installations:17.0.0] AndroidManifest.xml:20:17-82
114        </service>
115        <service
115-->[:firebase_messaging] AndroidManifest.xml:12:9-15:72
116            android:name="io.flutter.plugins.firebase.messaging.FlutterFirebaseMessagingBackgroundService"
116-->[:firebase_messaging] AndroidManifest.xml:13:13-107
117            android:exported="false"
117-->[:firebase_messaging] AndroidManifest.xml:14:13-37
118            android:permission="android.permission.BIND_JOB_SERVICE" />
118-->[:firebase_messaging] AndroidManifest.xml:15:13-69
119        <service
119-->[:firebase_messaging] AndroidManifest.xml:16:9-22:19
120            android:name="io.flutter.plugins.firebase.messaging.FlutterFirebaseMessagingService"
120-->[:firebase_messaging] AndroidManifest.xml:17:13-97
121            android:exported="false" >
121-->[:firebase_messaging] AndroidManifest.xml:18:13-37
122            <intent-filter>
122-->[:firebase_messaging] AndroidManifest.xml:19:13-21:29
123                <action android:name="com.google.firebase.MESSAGING_EVENT" />
123-->[:firebase_messaging] AndroidManifest.xml:20:17-78
123-->[:firebase_messaging] AndroidManifest.xml:20:25-75
124            </intent-filter>
125        </service>
126
127        <receiver
127-->[:firebase_messaging] AndroidManifest.xml:24:9-31:20
128            android:name="io.flutter.plugins.firebase.messaging.FlutterFirebaseMessagingReceiver"
128-->[:firebase_messaging] AndroidManifest.xml:25:13-98
129            android:exported="true"
129-->[:firebase_messaging] AndroidManifest.xml:26:13-36
130            android:permission="com.google.android.c2dm.permission.SEND" >
130-->[:firebase_messaging] AndroidManifest.xml:27:13-73
131            <intent-filter>
131-->[:firebase_messaging] AndroidManifest.xml:28:13-30:29
132                <action android:name="com.google.android.c2dm.intent.RECEIVE" />
132-->[:firebase_messaging] AndroidManifest.xml:29:17-81
132-->[:firebase_messaging] AndroidManifest.xml:29:25-78
133            </intent-filter>
134        </receiver>
135
136        <provider
136-->[:firebase_messaging] AndroidManifest.xml:39:9-43:38
137            android:name="io.flutter.plugins.firebase.messaging.FlutterFirebaseMessagingInitProvider"
137-->[:firebase_messaging] AndroidManifest.xml:40:13-102
138            android:authorities="com.example.susya.flutterfirebasemessaginginitprovider"
138-->[:firebase_messaging] AndroidManifest.xml:41:13-88
139            android:exported="false"
139-->[:firebase_messaging] AndroidManifest.xml:42:13-37
140            android:initOrder="99" />
140-->[:firebase_messaging] AndroidManifest.xml:43:13-35
141        <provider
141-->[:image_picker] AndroidManifest.xml:11:9-19:20
142            android:name="io.flutter.plugins.imagepicker.ImagePickerFileProvider"
142-->[:image_picker] AndroidManifest.xml:12:13-82
143            android:authorities="com.example.susya.flutter.image_provider"
143-->[:image_picker] AndroidManifest.xml:13:13-74
144            android:exported="false"
144-->[:image_picker] AndroidManifest.xml:14:13-37
145            android:grantUriPermissions="true" >
145-->[:image_picker] AndroidManifest.xml:15:13-47
146            <meta-data
146-->[:image_picker] AndroidManifest.xml:16:13-18:75
147                android:name="android.support.FILE_PROVIDER_PATHS"
147-->[:image_picker] AndroidManifest.xml:17:17-67
148                android:resource="@xml/flutter_image_picker_file_paths" />
148-->[:image_picker] AndroidManifest.xml:18:17-72
149        </provider>
150        <provider
150-->[:share_plus] AndroidManifest.xml:8:9-16:20
151            android:name="dev.fluttercommunity.plus.share.ShareFileProvider"
151-->[:share_plus] AndroidManifest.xml:9:13-77
152            android:authorities="com.example.susya.flutter.share_provider"
152-->[:share_plus] AndroidManifest.xml:10:13-74
153            android:exported="false"
153-->[:share_plus] AndroidManifest.xml:11:13-37
154            android:grantUriPermissions="true" >
154-->[:share_plus] AndroidManifest.xml:12:13-47
155            <meta-data
155-->[:image_picker] AndroidManifest.xml:16:13-18:75
156                android:name="android.support.FILE_PROVIDER_PATHS"
156-->[:image_picker] AndroidManifest.xml:17:17-67
157                android:resource="@xml/flutter_share_file_paths" />
157-->[:image_picker] AndroidManifest.xml:18:17-72
158        </provider>
159
160        <activity
160-->[:url_launcher] AndroidManifest.xml:8:9-11:74
161            android:name="io.flutter.plugins.urllauncher.WebViewActivity"
161-->[:url_launcher] AndroidManifest.xml:9:13-74
162            android:exported="false"
162-->[:url_launcher] AndroidManifest.xml:10:13-37
163            android:theme="@android:style/Theme.NoTitleBar.Fullscreen" />
163-->[:url_launcher] AndroidManifest.xml:11:13-71
164
165        <receiver
165-->[com.google.firebase:firebase-messaging:22.0.0] AndroidManifest.xml:28:9-35:20
166            android:name="com.google.firebase.iid.FirebaseInstanceIdReceiver"
166-->[com.google.firebase:firebase-messaging:22.0.0] AndroidManifest.xml:29:13-78
167            android:exported="true"
167-->[com.google.firebase:firebase-messaging:22.0.0] AndroidManifest.xml:30:13-36
168            android:permission="com.google.android.c2dm.permission.SEND" >
168-->[com.google.firebase:firebase-messaging:22.0.0] AndroidManifest.xml:31:13-73
169            <intent-filter>
169-->[:firebase_messaging] AndroidManifest.xml:28:13-30:29
170                <action android:name="com.google.android.c2dm.intent.RECEIVE" />
170-->[:firebase_messaging] AndroidManifest.xml:29:17-81
170-->[:firebase_messaging] AndroidManifest.xml:29:25-78
171            </intent-filter>
172        </receiver>
173        <!--
174             FirebaseMessagingService performs security checks at runtime,
175             but set to not exported to explicitly avoid allowing another app to call it.
176        -->
177        <service
177-->[com.google.firebase:firebase-messaging:22.0.0] AndroidManifest.xml:41:9-48:19
178            android:name="com.google.firebase.messaging.FirebaseMessagingService"
178-->[com.google.firebase:firebase-messaging:22.0.0] AndroidManifest.xml:42:13-82
179            android:directBootAware="true"
179-->[com.google.firebase:firebase-messaging:22.0.0] AndroidManifest.xml:43:13-43
180            android:exported="false" >
180-->[com.google.firebase:firebase-messaging:22.0.0] AndroidManifest.xml:44:13-37
181            <intent-filter android:priority="-500" >
181-->[:firebase_messaging] AndroidManifest.xml:19:13-21:29
182                <action android:name="com.google.firebase.MESSAGING_EVENT" />
182-->[:firebase_messaging] AndroidManifest.xml:20:17-78
182-->[:firebase_messaging] AndroidManifest.xml:20:25-75
183            </intent-filter>
184        </service>
185        <service
185-->[com.google.android.datatransport:transport-backend-cct:3.0.0] AndroidManifest.xml:29:9-35:19
186            android:name="com.google.android.datatransport.runtime.backends.TransportBackendDiscovery"
186-->[com.google.android.datatransport:transport-backend-cct:3.0.0] AndroidManifest.xml:30:13-103
187            android:exported="false" >
187-->[com.google.android.datatransport:transport-backend-cct:3.0.0] AndroidManifest.xml:31:13-37
188            <meta-data
188-->[com.google.android.datatransport:transport-backend-cct:3.0.0] AndroidManifest.xml:32:13-34:39
189                android:name="backend:com.google.android.datatransport.cct.CctBackendFactory"
189-->[com.google.android.datatransport:transport-backend-cct:3.0.0] AndroidManifest.xml:33:17-94
190                android:value="cct" />
190-->[com.google.android.datatransport:transport-backend-cct:3.0.0] AndroidManifest.xml:34:17-36
191        </service>
192
193        <activity
193-->[com.google.firebase:firebase-auth:21.0.1] AndroidManifest.xml:27:9-44:20
194            android:name="com.google.firebase.auth.internal.GenericIdpActivity"
194-->[com.google.firebase:firebase-auth:21.0.1] AndroidManifest.xml:28:13-80
195            android:excludeFromRecents="true"
195-->[com.google.firebase:firebase-auth:21.0.1] AndroidManifest.xml:29:13-46
196            android:exported="true"
196-->[com.google.firebase:firebase-auth:21.0.1] AndroidManifest.xml:30:13-36
197            android:launchMode="singleTask"
197-->[com.google.firebase:firebase-auth:21.0.1] AndroidManifest.xml:31:13-44
198            android:theme="@android:style/Theme.Translucent.NoTitleBar" >
198-->[com.google.firebase:firebase-auth:21.0.1] AndroidManifest.xml:32:13-72
199            <intent-filter>
199-->[com.google.firebase:firebase-auth:21.0.1] AndroidManifest.xml:33:13-43:29
200                <action android:name="android.intent.action.VIEW" />
200-->[com.google.firebase:firebase-auth:21.0.1] AndroidManifest.xml:34:17-69
200-->[com.google.firebase:firebase-auth:21.0.1] AndroidManifest.xml:34:25-66
201
202                <category android:name="android.intent.category.DEFAULT" />
202-->src\main\AndroidManifest.xml:44:17-76
202-->src\main\AndroidManifest.xml:44:27-73
203                <category android:name="android.intent.category.BROWSABLE" />
203-->[com.google.firebase:firebase-auth:21.0.1] AndroidManifest.xml:37:17-78
203-->[com.google.firebase:firebase-auth:21.0.1] AndroidManifest.xml:37:27-75
204
205                <data
205-->[com.google.firebase:firebase-auth:21.0.1] AndroidManifest.xml:39:17-42:51
206                    android:host="firebase.auth"
206-->[com.google.firebase:firebase-auth:21.0.1] AndroidManifest.xml:40:21-49
207                    android:path="/"
207-->[com.google.firebase:firebase-auth:21.0.1] AndroidManifest.xml:41:21-37
208                    android:scheme="genericidp" />
208-->[com.google.firebase:firebase-auth:21.0.1] AndroidManifest.xml:42:21-48
209            </intent-filter>
210        </activity>
211        <activity
211-->[com.google.firebase:firebase-auth:21.0.1] AndroidManifest.xml:45:9-62:20
212            android:name="com.google.firebase.auth.internal.RecaptchaActivity"
212-->[com.google.firebase:firebase-auth:21.0.1] AndroidManifest.xml:46:13-79
213            android:excludeFromRecents="true"
213-->[com.google.firebase:firebase-auth:21.0.1] AndroidManifest.xml:47:13-46
214            android:exported="true"
214-->[com.google.firebase:firebase-auth:21.0.1] AndroidManifest.xml:48:13-36
215            android:launchMode="singleTask"
215-->[com.google.firebase:firebase-auth:21.0.1] AndroidManifest.xml:49:13-44
216            android:theme="@android:style/Theme.Translucent.NoTitleBar" >
216-->[com.google.firebase:firebase-auth:21.0.1] AndroidManifest.xml:50:13-72
217            <intent-filter>
217-->[com.google.firebase:firebase-auth:21.0.1] AndroidManifest.xml:51:13-61:29
218                <action android:name="android.intent.action.VIEW" />
218-->[com.google.firebase:firebase-auth:21.0.1] AndroidManifest.xml:34:17-69
218-->[com.google.firebase:firebase-auth:21.0.1] AndroidManifest.xml:34:25-66
219
220                <category android:name="android.intent.category.DEFAULT" />
220-->src\main\AndroidManifest.xml:44:17-76
220-->src\main\AndroidManifest.xml:44:27-73
221                <category android:name="android.intent.category.BROWSABLE" />
221-->[com.google.firebase:firebase-auth:21.0.1] AndroidManifest.xml:37:17-78
221-->[com.google.firebase:firebase-auth:21.0.1] AndroidManifest.xml:37:27-75
222
223                <data
223-->[com.google.firebase:firebase-auth:21.0.1] AndroidManifest.xml:39:17-42:51
224                    android:host="firebase.auth"
224-->[com.google.firebase:firebase-auth:21.0.1] AndroidManifest.xml:40:21-49
225                    android:path="/"
225-->[com.google.firebase:firebase-auth:21.0.1] AndroidManifest.xml:41:21-37
226                    android:scheme="recaptcha" />
226-->[com.google.firebase:firebase-auth:21.0.1] AndroidManifest.xml:42:21-48
227            </intent-filter>
228        </activity>
229
230        <service
230-->[com.google.firebase:firebase-auth:21.0.1] AndroidManifest.xml:64:9-73:19
231            android:name="com.google.firebase.auth.api.fallback.service.FirebaseAuthFallbackService"
231-->[com.google.firebase:firebase-auth:21.0.1] AndroidManifest.xml:65:13-101
232            android:enabled="true"
232-->[com.google.firebase:firebase-auth:21.0.1] AndroidManifest.xml:66:13-35
233            android:exported="false" >
233-->[com.google.firebase:firebase-auth:21.0.1] AndroidManifest.xml:67:13-37
234            <intent-filter>
234-->[com.google.firebase:firebase-auth:21.0.1] AndroidManifest.xml:68:13-72:29
235                <action android:name="com.google.firebase.auth.api.gms.service.START" />
235-->[com.google.firebase:firebase-auth:21.0.1] AndroidManifest.xml:69:17-89
235-->[com.google.firebase:firebase-auth:21.0.1] AndroidManifest.xml:69:25-86
236
237                <category android:name="android.intent.category.DEFAULT" />
237-->src\main\AndroidManifest.xml:44:17-76
237-->src\main\AndroidManifest.xml:44:27-73
238            </intent-filter>
239        </service>
240
241        <provider
241-->[com.google.firebase:firebase-common:20.0.0] AndroidManifest.xml:26:9-31:39
242            android:name="com.google.firebase.provider.FirebaseInitProvider"
242-->[com.google.firebase:firebase-common:20.0.0] AndroidManifest.xml:27:13-77
243            android:authorities="com.example.susya.firebaseinitprovider"
243-->[com.google.firebase:firebase-common:20.0.0] AndroidManifest.xml:28:13-72
244            android:directBootAware="true"
244-->[com.google.firebase:firebase-common:20.0.0] AndroidManifest.xml:29:13-43
245            android:exported="false"
245-->[com.google.firebase:firebase-common:20.0.0] AndroidManifest.xml:30:13-37
246            android:initOrder="100" />
246-->[com.google.firebase:firebase-common:20.0.0] AndroidManifest.xml:31:13-36
247
248        <activity
248-->[com.google.android.gms:play-services-auth:16.0.1] AndroidManifest.xml:23:9-27:75
249            android:name="com.google.android.gms.auth.api.signin.internal.SignInHubActivity"
249-->[com.google.android.gms:play-services-auth:16.0.1] AndroidManifest.xml:24:13-93
250            android:excludeFromRecents="true"
250-->[com.google.android.gms:play-services-auth:16.0.1] AndroidManifest.xml:25:13-46
251            android:exported="false"
251-->[com.google.android.gms:play-services-auth:16.0.1] AndroidManifest.xml:26:13-37
252            android:theme="@android:style/Theme.Translucent.NoTitleBar" />
252-->[com.google.android.gms:play-services-auth:16.0.1] AndroidManifest.xml:27:13-72
253        <!--
254            Service handling Google Sign-In user revocation. For apps that do not integrate with
255            Google Sign-In, this service will never be started.
256        -->
257        <service
257-->[com.google.android.gms:play-services-auth:16.0.1] AndroidManifest.xml:33:9-36:110
258            android:name="com.google.android.gms.auth.api.signin.RevocationBoundService"
258-->[com.google.android.gms:play-services-auth:16.0.1] AndroidManifest.xml:34:13-89
259            android:exported="true"
259-->[com.google.android.gms:play-services-auth:16.0.1] AndroidManifest.xml:35:13-36
260            android:permission="com.google.android.gms.auth.api.signin.permission.REVOCATION_NOTIFICATION" />
260-->[com.google.android.gms:play-services-auth:16.0.1] AndroidManifest.xml:36:13-107
261
262        <activity
262-->[com.google.android.gms:play-services-base:17.1.0] AndroidManifest.xml:23:9-26:75
263            android:name="com.google.android.gms.common.api.GoogleApiActivity"
263-->[com.google.android.gms:play-services-base:17.1.0] AndroidManifest.xml:24:13-79
264            android:exported="false"
264-->[com.google.android.gms:play-services-base:17.1.0] AndroidManifest.xml:25:13-37
265            android:theme="@android:style/Theme.Translucent.NoTitleBar" />
265-->[com.google.android.gms:play-services-base:17.1.0] AndroidManifest.xml:26:13-72
266
267        <receiver
267-->[com.google.android.gms:play-services-measurement:19.0.0] AndroidManifest.xml:29:9-33:20
268            android:name="com.google.android.gms.measurement.AppMeasurementReceiver"
268-->[com.google.android.gms:play-services-measurement:19.0.0] AndroidManifest.xml:30:13-85
269            android:enabled="true"
269-->[com.google.android.gms:play-services-measurement:19.0.0] AndroidManifest.xml:31:13-35
270            android:exported="false" >
270-->[com.google.android.gms:play-services-measurement:19.0.0] AndroidManifest.xml:32:13-37
271        </receiver>
272
273        <service
273-->[com.google.android.gms:play-services-measurement:19.0.0] AndroidManifest.xml:35:9-38:40
274            android:name="com.google.android.gms.measurement.AppMeasurementService"
274-->[com.google.android.gms:play-services-measurement:19.0.0] AndroidManifest.xml:36:13-84
275            android:enabled="true"
275-->[com.google.android.gms:play-services-measurement:19.0.0] AndroidManifest.xml:37:13-35
276            android:exported="false" />
276-->[com.google.android.gms:play-services-measurement:19.0.0] AndroidManifest.xml:38:13-37
277        <service
277-->[com.google.android.gms:play-services-measurement:19.0.0] AndroidManifest.xml:39:9-43:72
278            android:name="com.google.android.gms.measurement.AppMeasurementJobService"
278-->[com.google.android.gms:play-services-measurement:19.0.0] AndroidManifest.xml:40:13-87
279            android:enabled="true"
279-->[com.google.android.gms:play-services-measurement:19.0.0] AndroidManifest.xml:41:13-35
280            android:exported="false"
280-->[com.google.android.gms:play-services-measurement:19.0.0] AndroidManifest.xml:42:13-37
281            android:permission="android.permission.BIND_JOB_SERVICE" />
281-->[com.google.android.gms:play-services-measurement:19.0.0] AndroidManifest.xml:43:13-69
282
283        <meta-data
283-->[com.google.android.gms:play-services-basement:17.1.0] AndroidManifest.xml:23:9-25:69
284            android:name="com.google.android.gms.version"
284-->[com.google.android.gms:play-services-basement:17.1.0] AndroidManifest.xml:24:13-58
285            android:value="@integer/google_play_services_version" />